<?xml version="1.0" encoding="UTF-8"?>
<!-- Generated by org.testng.reporters.JUnitReportReporter -->
<testsuite hostname="IN2-NOINB-SAGA" failures="0" tests="2" name="Test.ProductonboardTest" time="40.179" errors="0" timestamp="2023-01-17T09:27:06 IST" skipped="0">
  <testcase classname="Test.ProductonboardTest" name="getcustomer" time="0.068"/>
  <system-out/>
  <testcase classname="Test.ProductonboardTest" name="getproductonboard" time="40.111"/>
  <system-out/>
</testsuite> <!-- Test.ProductonboardTest -->
