<?xml version="1.0" encoding="UTF-8"?>
<!-- Generated by org.testng.reporters.JUnitReportReporter -->
<testsuite hostname="IN2-NOINB-SAGA" failures="0" tests="2" name="Test.UserstabTest" time="19.331" errors="0" timestamp="2022-11-11T16:17:09 IST" skipped="0">
  <testcase classname="Test.UserstabTest" name="getSignin" time="13.278"/>
  <system-out/>
  <testcase classname="Test.UserstabTest" name="getUsers" time="6.053"/>
  <system-out/>
</testsuite> <!-- Test.UserstabTest -->
