<?xml version="1.0" encoding="UTF-8"?>
<!-- Generated by org.testng.reporters.JUnitReportReporter -->
<testsuite hostname="IN2-NOINB-SAGA" failures="0" tests="5" name="Test.LoginTest" time="22.307" errors="0" timestamp="2023-01-17T09:27:06 IST" skipped="3">
  <testcase classname="Test.LoginTest" name="getlaunch" time="12.602"/>
  <system-out/>
  <testcase classname="Test.LoginTest" name="getchoosetenant" time="9.705"/>
  <system-out/>
  <testcase classname="Test.LoginTest" name="getcreatetenantadmin">
    <skipped/>
  </testcase> <!-- getcreatetenantadmin -->
  <system-out/>
  <testcase classname="Test.LoginTest" name="getchooseservice">
    <skipped/>
  </testcase> <!-- getchooseservice -->
  <system-out/>
  <testcase classname="Test.LoginTest" name="getEntertennatdetails">
    <skipped/>
  </testcase> <!-- getEntertennatdetails -->
  <system-out/>
</testsuite> <!-- Test.LoginTest -->
