<?xml version="1.0" encoding="UTF-8"?>
<!-- Generated by org.testng.reporters.JUnitReportReporter -->
<testsuite hostname="IN2-NOINB-SAGA" failures="0" tests="4" name="Test.LoginTest" time="151.805" errors="0" timestamp="2022-11-01T10:48:36 IST" skipped="0">
  <testcase classname="Test.LoginTest" name="getchoosetenant" time="16.655"/>
  <system-out/>
  <testcase classname="Test.LoginTest" name="getEntertennatdetails" time="53.810"/>
  <system-out/>
  <testcase classname="Test.LoginTest" name="getcreatetenantadmin" time="40.062"/>
  <system-out/>
  <testcase classname="Test.LoginTest" name="getchooseservice" time="41.278"/>
  <system-out/>
</testsuite> <!-- Test.LoginTest -->
