<?xml version="1.0" encoding="UTF-8"?>
<!-- Generated by org.testng.reporters.JUnitReportReporter -->
<testsuite hostname="IN2-NOINB-SAGA" failures="0" tests="5" name="Test.LoginTest" time="108.024" errors="0" timestamp="2023-01-31T10:35:24 IST" skipped="0">
  <testcase classname="Test.LoginTest" name="getlaunch" time="13.095"/>
  <system-out>
    <![CDATA[Open browser]]>
  </system-out>
  <testcase classname="Test.LoginTest" name="getchoosetenant" time="13.692"/>
  <system-out/>
  <testcase classname="Test.LoginTest" name="getEntertennatdetails" time="1.142"/>
  <system-out/>
  <testcase classname="Test.LoginTest" name="getcreatetenantadmin" time="40.066"/>
  <system-out/>
  <testcase classname="Test.LoginTest" name="getchooseservice" time="40.029"/>
  <system-out/>
</testsuite> <!-- Test.LoginTest -->
