<?xml version="1.0" encoding="UTF-8"?>
<!-- Generated by org.testng.reporters.JUnitReportReporter -->
<testsuite skipped="3" hostname="IN2-NOINB-SAGA" name="Test.LoginTest" tests="4" failures="0" timestamp="2023-03-14T11:11:24 IST" time="0.010" errors="0">
  <testcase name="getchoosetenant" time="0.010" classname="Test.LoginTest"/>
  <system-out/>
  <testcase name="getEntertennatdetails" classname="Test.LoginTest">
    <skipped/>
  </testcase> <!-- getEntertennatdetails -->
  <system-out/>
  <testcase name="getcreatetenantadmin" classname="Test.LoginTest">
    <skipped/>
  </testcase> <!-- getcreatetenantadmin -->
  <system-out/>
  <testcase name="getchooseservice" classname="Test.LoginTest">
    <skipped/>
  </testcase> <!-- getchooseservice -->
  <system-out/>
</testsuite> <!-- Test.LoginTest -->
