<?xml version="1.0" encoding="UTF-8"?>
<!-- Generated by org.testng.reporters.JUnitReportReporter -->
<testsuite hostname="IN2-NOINB-SAGA" failures="0" tests="4" name="Test.LoginTest" time="0.035" errors="0" timestamp="2023-03-03T08:36:16 IST" skipped="3">
  <testcase classname="Test.LoginTest" name="getchoosetenant" time="0.035"/>
  <system-out/>
  <testcase classname="Test.LoginTest" name="getcreatetenantadmin">
    <skipped/>
  </testcase> <!-- getcreatetenantadmin -->
  <system-out/>
  <testcase classname="Test.LoginTest" name="getchooseservice">
    <skipped/>
  </testcase> <!-- getchooseservice -->
  <system-out/>
  <testcase classname="Test.LoginTest" name="getEntertennatdetails">
    <skipped/>
  </testcase> <!-- getEntertennatdetails -->
  <system-out/>
</testsuite> <!-- Test.LoginTest -->
