<?xml version="1.0" encoding="UTF-8"?>
<!-- Generated by org.testng.reporters.JUnitReportReporter -->
<testsuite hostname="IN2-NOINB-SAGA" failures="0" tests="5" name="Test.LoginTest" time="0.006" errors="0" timestamp="2022-09-19T14:10:33 IST" skipped="0">
  <testcase classname="Test.LoginTest" name="getVerifyLoginCredentials" time="0.002"/>
  <system-out/>
  <testcase classname="Test.LoginTest" name="getchoosetenant" time="0.002"/>
  <system-out/>
  <testcase classname="Test.LoginTest" name="getEntertennatdetails" time="0.001"/>
  <system-out/>
  <testcase classname="Test.LoginTest" name="getcreatetenantadmin" time="0.000"/>
  <system-out/>
  <testcase classname="Test.LoginTest" name="getchooseservice" time="0.001"/>
  <system-out/>
</testsuite> <!-- Test.LoginTest -->
